<?xml version="1.0" encoding="UTF-8"?>
<testsuite name="QuickSortTest" tests="4" skipped="0" failures="0" errors="0" timestamp="2025-04-10T15:30:10" hostname="fedora" time="0.059">
  <properties/>
  <testcase name="[1] [], []" classname="QuickSortTest" time="0.038"/>
  <testcase name="[2] [1], [1]" classname="QuickSortTest" time="0.002"/>
  <testcase name="[3] [1, 2, 1], [1, 1, 2]" classname="QuickSortTest" time="0.005"/>
  <testcase name="[4] [95, 68, 37, 4, 79, 94, 38, 27, 57, 14], [4, 14, 27, 37, 38, 57, 68, 79, 94, 95]" classname="QuickSortTest" time="0.002"/>
  <system-out><![CDATA[]]></system-out>
  <system-err><![CDATA[]]></system-err>
</testsuite>
