<?xml version="1.0" encoding="UTF-8"?>
<testsuite name="QuickSortTest" tests="4" skipped="0" failures="0" errors="0" timestamp="2025-04-07T19:28:08" hostname="192.168.1.12" time="0.052">
  <properties/>
  <testcase name="[1] [], []" classname="QuickSortTest" time="0.039"/>
  <testcase name="[2] [1], [1]" classname="QuickSortTest" time="0.001"/>
  <testcase name="[3] [1, 2, 1], [1, 1, 2]" classname="QuickSortTest" time="0.003"/>
  <testcase name="[4] [95, 68, 37, 4, 79, 94, 38, 27, 57, 14], [4, 14, 27, 37, 38, 57, 68, 79, 94, 95]" classname="QuickSortTest" time="0.001"/>
  <system-out><![CDATA[]]></system-out>
  <system-err><![CDATA[]]></system-err>
</testsuite>
